<?xml version="1.0" encoding="UTF-8"?>
<!-- Generated by org.testng.reporters.JUnitXMLReporter -->
<testsuite hostname="ip-172-31-33-189.ap-south-1.compute.internal" ignored="0" name="Command line test" tests="1" failures="0" timestamp="31 Jan 2021 06:37:09 GMT" time="2.115" errors="0">
  <testcase name="@BeforeMethod beforeMethod" time="2.052" classname="testNG.validatePage">
    <failure type="org.openqa.selenium.SessionNotCreatedException" message="session not created
from disconnected: unable to connect to renderer
  (Session info: headless chrome=88.0.4324.96)
Build info: version: &amp;apos;unknown&amp;apos;, revision: &amp;apos;unknown&amp;apos;, time: &amp;apos;unknown&amp;apos;
System info: host: &amp;apos;ip-172-31-33-189.ap-south-1.compute.internal&amp;apos;, ip: &amp;apos;172.31.33.189&amp;apos;, os.name: &amp;apos;Linux&amp;apos;, os.arch: &amp;apos;amd64&amp;apos;, os.version: &amp;apos;4.14.209-160.339.amzn2.x86_64&amp;apos;, java.version: &amp;apos;1.8.0_272&amp;apos;
Driver info: driver.version: ChromeDriver
remote stacktrace: #0 0x5581106b9199 &amp;lt;unknown&amp;gt;
">
      <![CDATA[org.openqa.selenium.SessionNotCreatedException: session not created
from disconnected: unable to connect to renderer
  (Session info: headless chrome=88.0.4324.96)
Build info: version: 'unknown', revision: 'unknown', time: 'unknown'
System info: host: 'ip-172-31-33-189.ap-south-1.compute.internal', ip: '172.31.33.189', os.name: 'Linux', os.arch: 'amd64', os.version: '4.14.209-160.339.amzn2.x86_64', java.version: '1.8.0_272'
Driver info: driver.version: ChromeDriver
remote stacktrace: #0 0x5581106b9199 <unknown>

at org.openqa.selenium.remote.W3CHandshakeResponse.lambda$errorHandler$0(W3CHandshakeResponse.java:62)
at org.openqa.selenium.remote.HandshakeResponse.lambda$getResponseFunction$0(HandshakeResponse.java:30)
at org.openqa.selenium.remote.ProtocolHandshake.lambda$createSession$0(ProtocolHandshake.java:126)
at java.util.stream.ReferencePipeline$3$1.accept(ReferencePipeline.java:193)
at java.util.Spliterators$ArraySpliterator.tryAdvance(Spliterators.java:958)
at java.util.stream.ReferencePipeline.forEachWithCancel(ReferencePipeline.java:126)
at java.util.stream.AbstractPipeline.copyIntoWithCancel(AbstractPipeline.java:499)
at java.util.stream.AbstractPipeline.copyInto(AbstractPipeline.java:486)
at java.util.stream.AbstractPipeline.wrapAndCopyInto(AbstractPipeline.java:472)
at java.util.stream.FindOps$FindOp.evaluateSequential(FindOps.java:152)
at java.util.stream.AbstractPipeline.evaluate(AbstractPipeline.java:234)
at java.util.stream.ReferencePipeline.findFirst(ReferencePipeline.java:531)
at org.openqa.selenium.remote.ProtocolHandshake.createSession(ProtocolHandshake.java:128)
at org.openqa.selenium.remote.ProtocolHandshake.createSession(ProtocolHandshake.java:74)
at org.openqa.selenium.remote.HttpCommandExecutor.execute(HttpCommandExecutor.java:136)
at org.openqa.selenium.remote.service.DriverCommandExecutor.execute(DriverCommandExecutor.java:83)
at org.openqa.selenium.remote.RemoteWebDriver.execute(RemoteWebDriver.java:552)
at org.openqa.selenium.remote.RemoteWebDriver.startSession(RemoteWebDriver.java:213)
at org.openqa.selenium.remote.RemoteWebDriver.<init>(RemoteWebDriver.java:131)
at org.openqa.selenium.chrome.ChromeDriver.<init>(ChromeDriver.java:181)
at org.openqa.selenium.chrome.ChromeDriver.<init>(ChromeDriver.java:168)
at org.openqa.selenium.chrome.ChromeDriver.<init>(ChromeDriver.java:157)
at testNG.validatePage.beforeMethod(validatePage.java:51)
at testNG.validatePage.main(validatePage.java:26)
at org.eclipse.jdt.internal.jarinjarloader.JarRsrcLoader.main(JarRsrcLoader.java:61)
... Removed 33 stack frames]]>
    </failure>
  </testcase> <!-- @BeforeMethod beforeMethod -->
  <testcase name="@AfterMethod afterMethod" time="0.0" classname="testNG.validatePage">
    <skipped/>
  </testcase> <!-- @AfterMethod afterMethod -->
  <testcase name="getWebSite" time="0.0" classname="testNG.validatePage">
    <skipped/>
  </testcase> <!-- getWebSite -->
</testsuite> <!-- Command line test -->
